1541367981237	mozrunner::runner	INFO	Running command: "C:\\Program Files\\Mozilla Firefox\\firefox.exe" "-marionette" "-foreground" "-no-remote" "-profile" "C:\\Users\\morav\\AppData\\Local\\Temp\\rust_mozprofile.Nn6k6kSJkPkn"
1541367983699	Marionette	INFO	Listening on port 57565
1541367984039	Marionette	WARN	TLS certificate errors will be ignored for this session
1541367990234	Marionette	INFO	Stopped listening on port 57565
[Child 1368, Chrome_ChildThread] WARNING: pipe error: 109: file z:/build/build/src/ipc/chromium/src/chrome/common/ipc_channel_win.cc, line 346
[Chi[Parent 2364, Gecko_IOThread] WARNING: pipe error: 109: file z:/build/build/src/ipc/chromium/src/chrome/common/ipc_channel_win.cc, line 346
[Parent 2364, Gecko_IOThread] WARNING: pipe error: 109: file z:/build/build/src/ipc/chromium/src/chrome/common/ipc_channel_win.cc, line 346

###!!! [Child][RunMessage] Error: Channel closing: too late to send/recv, messages will be lost

[GPU 4172
###!!! [Child][MessageChannel::SendAndWait] Error: Channel error: cannot send/recv

1541440740718	mozrunner::runner	INFO	Running command: "C:\\Program Files\\Mozilla Firefox\\firefox.exe" "-marionette" "-foreground" "-no-remote" "-profile" "C:\\Users\\morav\\AppData\\Local\\Temp\\rust_mozprofile.KCSQekRSBEPJ"
1541440744116	Marionette	INFO	Listening on port 59684
1541440744195	Marionette	WARN	TLS certificate errors will be ignored for this session
1541440751349	Marionette	INFO	Stopped listening on port 59684
[Child 10132, Chrome_ChildThread] WARNING: pipe error: 109: file z:/build/build/src/ipc/chromium/src/chrome/common/ipc_channel_win.cc, line 346
[Child 10132, Chrome_ChildThrea[Parent 10100, Gecko_IOThread] WARNING: pipe error: 109: file z:/build/build/src/ipc/chromium/src/chrome/common/ipc_channel_win.cc, line 346
[Child 13752, Chrome_ChildThread] WARNING: pipe error: 109: file z:/build/build/src/ipc/chromium/src/chrome/common/ipc_channel_win.cc, line 346
[Child 13752, Chrome_ChildThread] WARN[Parent 10100, Gecko_IOThread] WARNING: pipe error: 109: file z:/build/build/src/ipc/chromium/src/chrome/common/ipc_channel_win.cc, line 346
[Child 4108, Chrome_ChildThread] WARNING: pipe error: 109: file z:/build/build/src/ipc/chromium/src/chrome/common/ipc_channel_win.cc, line 346
[Child 4108, Chrome_ChildThread] WARNING
###!!! [Child][RunMessage] Error: Channel closing: too late to send/recv, messages will be lost

[GPU 20704, 
###!!! [Child][MessageChannel::SendAndWait] Error: Channel error: cannot send/recv

